1000
2000
3000
4000
5000
6000
Done
('batches', 93)
Epoch 0
K: 1 Train Accuracy: 1120.0 / 5250.0 = 0.213333333333
K: 2 Train Accuracy: 1452.0 / 5250.0 = 0.276571428571
K: 3 Train Accuracy: 1696.0 / 5250.0 = 0.323047619048
K: 4 Train Accuracy: 1864.0 / 5250.0 = 0.355047619048
K: 5 Train Accuracy: 1996.0 / 5250.0 = 0.38019047619
K: 1 Val Accuracy: 21.0 / 750.0 = 0.028
K: 2 Val Accuracy: 41.0 / 750.0 = 0.0546666666667
K: 3 Val Accuracy: 62.0 / 750.0 = 0.0826666666667
K: 4 Val Accuracy: 80.0 / 750.0 = 0.106666666667
K: 5 Val Accuracy: 100.0 / 750.0 = 0.133333333333
Epoch 1
K: 1 Train Accuracy: 3263.0 / 5250.0 = 0.621523809524
K: 2 Train Accuracy: 3774.0 / 5250.0 = 0.718857142857
K: 3 Train Accuracy: 4010.0 / 5250.0 = 0.76380952381
K: 4 Train Accuracy: 4184.0 / 5250.0 = 0.796952380952
K: 5 Train Accuracy: 4303.0 / 5250.0 = 0.819619047619
Epoch 2
K: 1 Train Accuracy: 4169.0 / 5250.0 = 0.794095238095
K: 2 Train Accuracy: 4566.0 / 5250.0 = 0.869714285714
K: 3 Train Accuracy: 4714.0 / 5250.0 = 0.897904761905
K: 4 Train Accuracy: 4827.0 / 5250.0 = 0.919428571429
K: 5 Train Accuracy: 4886.0 / 5250.0 = 0.930666666667
Epoch 3
K: 1 Train Accuracy: 4670.0 / 5250.0 = 0.889523809524
K: 2 Train Accuracy: 4938.0 / 5250.0 = 0.940571428571
K: 3 Train Accuracy: 5026.0 / 5250.0 = 0.957333333333
K: 4 Train Accuracy: 5066.0 / 5250.0 = 0.964952380952
K: 5 Train Accuracy: 5106.0 / 5250.0 = 0.972571428571
K: 1 Val Accuracy: 42.0 / 750.0 = 0.056
K: 2 Val Accuracy: 67.0 / 750.0 = 0.0893333333333
K: 3 Val Accuracy: 94.0 / 750.0 = 0.125333333333
K: 4 Val Accuracy: 108.0 / 750.0 = 0.144
K: 5 Val Accuracy: 121.0 / 750.0 = 0.161333333333
Epoch 4
K: 1 Train Accuracy: 4879.0 / 5250.0 = 0.929333333333
K: 2 Train Accuracy: 5062.0 / 5250.0 = 0.96419047619
K: 3 Train Accuracy: 5133.0 / 5250.0 = 0.977714285714
K: 4 Train Accuracy: 5168.0 / 5250.0 = 0.984380952381
K: 5 Train Accuracy: 5180.0 / 5250.0 = 0.986666666667
Epoch 5
K: 1 Train Accuracy: 4939.0 / 5250.0 = 0.940761904762
K: 2 Train Accuracy: 5105.0 / 5250.0 = 0.972380952381
K: 3 Train Accuracy: 5166.0 / 5250.0 = 0.984
K: 4 Train Accuracy: 5180.0 / 5250.0 = 0.986666666667
K: 5 Train Accuracy: 5195.0 / 5250.0 = 0.989523809524
Epoch 6
K: 1 Train Accuracy: 5000.0 / 5250.0 = 0.952380952381
K: 2 Train Accuracy: 5141.0 / 5250.0 = 0.979238095238
K: 3 Train Accuracy: 5180.0 / 5250.0 = 0.986666666667
K: 4 Train Accuracy: 5199.0 / 5250.0 = 0.990285714286
K: 5 Train Accuracy: 5209.0 / 5250.0 = 0.99219047619
K: 1 Val Accuracy: 29.0 / 750.0 = 0.0386666666667
K: 2 Val Accuracy: 49.0 / 750.0 = 0.0653333333333
K: 3 Val Accuracy: 73.0 / 750.0 = 0.0973333333333
K: 4 Val Accuracy: 94.0 / 750.0 = 0.125333333333
K: 5 Val Accuracy: 108.0 / 750.0 = 0.144
Epoch 7
K: 1 Train Accuracy: 5035.0 / 5250.0 = 0.959047619048
K: 2 Train Accuracy: 5165.0 / 5250.0 = 0.98380952381
K: 3 Train Accuracy: 5190.0 / 5250.0 = 0.988571428571
K: 4 Train Accuracy: 5204.0 / 5250.0 = 0.991238095238
K: 5 Train Accuracy: 5215.0 / 5250.0 = 0.993333333333
Epoch 8
K: 1 Train Accuracy: 5017.0 / 5250.0 = 0.955619047619
K: 2 Train Accuracy: 5153.0 / 5250.0 = 0.981523809524
K: 3 Train Accuracy: 5186.0 / 5250.0 = 0.98780952381
K: 4 Train Accuracy: 5202.0 / 5250.0 = 0.990857142857
K: 5 Train Accuracy: 5213.0 / 5250.0 = 0.992952380952
Epoch 9
K: 1 Train Accuracy: 5009.0 / 5250.0 = 0.954095238095
K: 2 Train Accuracy: 5150.0 / 5250.0 = 0.980952380952
K: 3 Train Accuracy: 5180.0 / 5250.0 = 0.986666666667
K: 4 Train Accuracy: 5193.0 / 5250.0 = 0.989142857143
K: 5 Train Accuracy: 5200.0 / 5250.0 = 0.990476190476
K: 1 Val Accuracy: 32.0 / 750.0 = 0.0426666666667
K: 2 Val Accuracy: 57.0 / 750.0 = 0.076
K: 3 Val Accuracy: 75.0 / 750.0 = 0.1
K: 4 Val Accuracy: 102.0 / 750.0 = 0.136
K: 5 Val Accuracy: 122.0 / 750.0 = 0.162666666667
Epoch 10
K: 1 Train Accuracy: 4998.0 / 5250.0 = 0.952
K: 2 Train Accuracy: 5121.0 / 5250.0 = 0.975428571429
K: 3 Train Accuracy: 5159.0 / 5250.0 = 0.982666666667
K: 4 Train Accuracy: 5177.0 / 5250.0 = 0.986095238095
K: 5 Train Accuracy: 5189.0 / 5250.0 = 0.988380952381
Epoch 11
K: 1 Train Accuracy: 5027.0 / 5250.0 = 0.957523809524
K: 2 Train Accuracy: 5153.0 / 5250.0 = 0.981523809524
K: 3 Train Accuracy: 5189.0 / 5250.0 = 0.988380952381
K: 4 Train Accuracy: 5206.0 / 5250.0 = 0.991619047619
K: 5 Train Accuracy: 5218.0 / 5250.0 = 0.993904761905
Epoch 12
K: 1 Train Accuracy: 5066.0 / 5250.0 = 0.964952380952
K: 2 Train Accuracy: 5179.0 / 5250.0 = 0.986476190476
K: 3 Train Accuracy: 5207.0 / 5250.0 = 0.99180952381
K: 4 Train Accuracy: 5222.0 / 5250.0 = 0.994666666667
K: 5 Train Accuracy: 5231.0 / 5250.0 = 0.996380952381
K: 1 Val Accuracy: 49.0 / 750.0 = 0.0653333333333
K: 2 Val Accuracy: 73.0 / 750.0 = 0.0973333333333
K: 3 Val Accuracy: 99.0 / 750.0 = 0.132
K: 4 Val Accuracy: 118.0 / 750.0 = 0.157333333333
K: 5 Val Accuracy: 134.0 / 750.0 = 0.178666666667
Epoch 13
K: 1 Train Accuracy: 5133.0 / 5250.0 = 0.977714285714
K: 2 Train Accuracy: 5214.0 / 5250.0 = 0.993142857143
K: 3 Train Accuracy: 5233.0 / 5250.0 = 0.996761904762
K: 4 Train Accuracy: 5237.0 / 5250.0 = 0.997523809524
K: 5 Train Accuracy: 5239.0 / 5250.0 = 0.997904761905
Epoch 14
K: 1 Train Accuracy: 5121.0 / 5250.0 = 0.975428571429
K: 2 Train Accuracy: 5201.0 / 5250.0 = 0.990666666667
K: 3 Train Accuracy: 5221.0 / 5250.0 = 0.994476190476
K: 4 Train Accuracy: 5235.0 / 5250.0 = 0.997142857143
K: 5 Train Accuracy: 5239.0 / 5250.0 = 0.997904761905
Epoch 15
K: 1 Train Accuracy: 4990.0 / 5250.0 = 0.950476190476
K: 2 Train Accuracy: 5138.0 / 5250.0 = 0.978666666667
K: 3 Train Accuracy: 5173.0 / 5250.0 = 0.985333333333
K: 4 Train Accuracy: 5193.0 / 5250.0 = 0.989142857143
K: 5 Train Accuracy: 5209.0 / 5250.0 = 0.99219047619
K: 1 Val Accuracy: 50.0 / 750.0 = 0.0666666666667
K: 2 Val Accuracy: 74.0 / 750.0 = 0.0986666666667
K: 3 Val Accuracy: 88.0 / 750.0 = 0.117333333333
K: 4 Val Accuracy: 106.0 / 750.0 = 0.141333333333
K: 5 Val Accuracy: 119.0 / 750.0 = 0.158666666667
Epoch 16
K: 1 Train Accuracy: 5105.0 / 5250.0 = 0.972380952381
K: 2 Train Accuracy: 5194.0 / 5250.0 = 0.989333333333
K: 3 Train Accuracy: 5223.0 / 5250.0 = 0.994857142857
K: 4 Train Accuracy: 5227.0 / 5250.0 = 0.995619047619
K: 5 Train Accuracy: 5235.0 / 5250.0 = 0.997142857143
Epoch 17
K: 1 Train Accuracy: 5120.0 / 5250.0 = 0.975238095238
K: 2 Train Accuracy: 5210.0 / 5250.0 = 0.992380952381
K: 3 Train Accuracy: 5230.0 / 5250.0 = 0.99619047619
K: 4 Train Accuracy: 5237.0 / 5250.0 = 0.997523809524
K: 5 Train Accuracy: 5241.0 / 5250.0 = 0.998285714286
Epoch 18
K: 1 Train Accuracy: 5110.0 / 5250.0 = 0.973333333333
K: 2 Train Accuracy: 5203.0 / 5250.0 = 0.991047619048
K: 3 Train Accuracy: 5226.0 / 5250.0 = 0.995428571429
K: 4 Train Accuracy: 5236.0 / 5250.0 = 0.997333333333
K: 5 Train Accuracy: 5239.0 / 5250.0 = 0.997904761905
K: 1 Val Accuracy: 54.0 / 750.0 = 0.072
K: 2 Val Accuracy: 72.0 / 750.0 = 0.096
K: 3 Val Accuracy: 96.0 / 750.0 = 0.128
K: 4 Val Accuracy: 112.0 / 750.0 = 0.149333333333
K: 5 Val Accuracy: 123.0 / 750.0 = 0.164
Epoch 19
K: 1 Train Accuracy: 5151.0 / 5250.0 = 0.981142857143
K: 2 Train Accuracy: 5214.0 / 5250.0 = 0.993142857143
K: 3 Train Accuracy: 5229.0 / 5250.0 = 0.996
K: 4 Train Accuracy: 5234.0 / 5250.0 = 0.996952380952
K: 5 Train Accuracy: 5237.0 / 5250.0 = 0.997523809524
Epoch 20
K: 1 Train Accuracy: 5158.0 / 5250.0 = 0.982476190476
K: 2 Train Accuracy: 5210.0 / 5250.0 = 0.992380952381
K: 3 Train Accuracy: 5224.0 / 5250.0 = 0.995047619048
K: 4 Train Accuracy: 5229.0 / 5250.0 = 0.996
K: 5 Train Accuracy: 5232.0 / 5250.0 = 0.996571428571
Epoch 21
K: 1 Train Accuracy: 4854.0 / 5250.0 = 0.924571428571
K: 2 Train Accuracy: 5059.0 / 5250.0 = 0.963619047619
K: 3 Train Accuracy: 5114.0 / 5250.0 = 0.974095238095
K: 4 Train Accuracy: 5139.0 / 5250.0 = 0.978857142857
K: 5 Train Accuracy: 5163.0 / 5250.0 = 0.983428571429
K: 1 Val Accuracy: 48.0 / 750.0 = 0.064
K: 2 Val Accuracy: 71.0 / 750.0 = 0.0946666666667
K: 3 Val Accuracy: 84.0 / 750.0 = 0.112
K: 4 Val Accuracy: 98.0 / 750.0 = 0.130666666667
K: 5 Val Accuracy: 111.0 / 750.0 = 0.148
Epoch 22
K: 1 Train Accuracy: 5143.0 / 5250.0 = 0.979619047619
K: 2 Train Accuracy: 5216.0 / 5250.0 = 0.993523809524
K: 3 Train Accuracy: 5225.0 / 5250.0 = 0.995238095238
K: 4 Train Accuracy: 5230.0 / 5250.0 = 0.99619047619
K: 5 Train Accuracy: 5236.0 / 5250.0 = 0.997333333333
Epoch 23
K: 1 Train Accuracy: 5152.0 / 5250.0 = 0.981333333333
K: 2 Train Accuracy: 5217.0 / 5250.0 = 0.993714285714
K: 3 Train Accuracy: 5231.0 / 5250.0 = 0.996380952381
K: 4 Train Accuracy: 5237.0 / 5250.0 = 0.997523809524
K: 5 Train Accuracy: 5240.0 / 5250.0 = 0.998095238095
Epoch 24
K: 1 Train Accuracy: 5062.0 / 5250.0 = 0.96419047619
K: 2 Train Accuracy: 5169.0 / 5250.0 = 0.984571428571
K: 3 Train Accuracy: 5197.0 / 5250.0 = 0.989904761905
K: 4 Train Accuracy: 5210.0 / 5250.0 = 0.992380952381
K: 5 Train Accuracy: 5217.0 / 5250.0 = 0.993714285714
K: 1 Val Accuracy: 41.0 / 750.0 = 0.0546666666667
K: 2 Val Accuracy: 55.0 / 750.0 = 0.0733333333333
K: 3 Val Accuracy: 72.0 / 750.0 = 0.096
K: 4 Val Accuracy: 89.0 / 750.0 = 0.118666666667
K: 5 Val Accuracy: 103.0 / 750.0 = 0.137333333333
